  全局區.cpp
D:\code\內存四區\內存四區\全局區.cpp(21,49): warning C4311: '類型轉換': 指標值由 'int *' 指派至 'int' 時會遭截斷
D:\code\內存四區\內存四區\全局區.cpp(21,49): warning C4302: '類型轉換': 從 'int *' 轉換為 'int'，是由較大的類型轉換為較小的類型，可能導致資料遺失
D:\code\內存四區\內存四區\全局區.cpp(22,49): warning C4311: '類型轉換': 指標值由 'int *' 指派至 'int' 時會遭截斷
D:\code\內存四區\內存四區\全局區.cpp(22,49): warning C4302: '類型轉換': 從 'int *' 轉換為 'int'，是由較大的類型轉換為較小的類型，可能導致資料遺失
D:\code\內存四區\內存四區\全局區.cpp(24,54): warning C4311: '類型轉換': 指標值由 'int *' 指派至 'int' 時會遭截斷
D:\code\內存四區\內存四區\全局區.cpp(24,54): warning C4302: '類型轉換': 從 'int *' 轉換為 'int'，是由較大的類型轉換為較小的類型，可能導致資料遺失
D:\code\內存四區\內存四區\全局區.cpp(25,54): warning C4311: '類型轉換': 指標值由 'int *' 指派至 'int' 時會遭截斷
D:\code\內存四區\內存四區\全局區.cpp(25,54): warning C4302: '類型轉換': 從 'int *' 轉換為 'int'，是由較大的類型轉換為較小的類型，可能導致資料遺失
D:\code\內存四區\內存四區\全局區.cpp(30,51): warning C4311: '類型轉換': 指標值由 'int *' 指派至 'int' 時會遭截斷
D:\code\內存四區\內存四區\全局區.cpp(30,51): warning C4302: '類型轉換': 從 'int *' 轉換為 'int'，是由較大的類型轉換為較小的類型，可能導致資料遺失
D:\code\內存四區\內存四區\全局區.cpp(31,51): warning C4311: '類型轉換': 指標值由 'int *' 指派至 'int' 時會遭截斷
D:\code\內存四區\內存四區\全局區.cpp(31,51): warning C4302: '類型轉換': 從 'int *' 轉換為 'int'，是由較大的類型轉換為較小的類型，可能導致資料遺失
D:\code\內存四區\內存四區\全局區.cpp(35,63): warning C4311: '類型轉換': 指標值由 'const char (*)[12]' 指派至 'int' 時會遭截斷
D:\code\內存四區\內存四區\全局區.cpp(35,63): warning C4302: '類型轉換': 從 'const char (*)[12]' 轉換為 'int'，是由較大的類型轉換為較小的類型，可能導致資料遺失
D:\code\內存四區\內存四區\全局區.cpp(40,56): warning C4311: '類型轉換': 指標值由 'const int *' 指派至 'int' 時會遭截斷
D:\code\內存四區\內存四區\全局區.cpp(40,56): warning C4302: '類型轉換': 從 'const int *' 轉換為 'int'，是由較大的類型轉換為較小的類型，可能導致資料遺失
D:\code\內存四區\內存四區\全局區.cpp(41,56): warning C4311: '類型轉換': 指標值由 'const int *' 指派至 'int' 時會遭截斷
D:\code\內存四區\內存四區\全局區.cpp(41,56): warning C4302: '類型轉換': 從 'const int *' 轉換為 'int'，是由較大的類型轉換為較小的類型，可能導致資料遺失
D:\code\內存四區\內存四區\全局區.cpp(46,56): warning C4311: '類型轉換': 指標值由 'const int *' 指派至 'int' 時會遭截斷
D:\code\內存四區\內存四區\全局區.cpp(46,56): warning C4302: '類型轉換': 從 'const int *' 轉換為 'int'，是由較大的類型轉換為較小的類型，可能導致資料遺失
D:\code\內存四區\內存四區\全局區.cpp(47,56): warning C4311: '類型轉換': 指標值由 'const int *' 指派至 'int' 時會遭截斷
D:\code\內存四區\內存四區\全局區.cpp(47,56): warning C4302: '類型轉換': 從 'const int *' 轉換為 'int'，是由較大的類型轉換為較小的類型，可能導致資料遺失
  內存四區.vcxproj -> D:\code\內存四區\x64\Debug\內存四區.exe
